<?xml version="1.0" encoding="UTF-8"?>
<testng-results skipped="0" failed="0" total="1" passed="1">
  <reporter-output>
  </reporter-output>
  <suite name="Default suite" duration-ms="2139" started-at="2022-04-11T11:55:36Z" finished-at="2022-04-11T11:55:38Z">
    <groups>
    </groups>
    <test name="Default test" duration-ms="2139" started-at="2022-04-11T11:55:36Z" finished-at="2022-04-11T11:55:38Z">
      <class name="Radiobutton.buttonradio">
        <test-method status="PASS" signature="IDdemo()[pri:0, instance:Radiobutton.buttonradio@3930015a]" name="IDdemo" duration-ms="2130" started-at="2022-04-11T17:25:36Z" finished-at="2022-04-11T17:25:38Z">
          <reporter-output>
          </reporter-output>
        </test-method> <!-- IDdemo -->
      </class> <!-- Radiobutton.buttonradio -->
    </test> <!-- Default test -->
  </suite> <!-- Default suite -->
</testng-results>
